<?xml version="1.0" encoding="UTF-8"?>
<testng-results skipped="0" failed="0" total="62" passed="62">
  <reporter-output>
  </reporter-output>
  <suite name="Suite" duration-ms="48" started-at="2019-04-17T02:58:08Z" finished-at="2019-04-17T02:58:08Z">
    <groups>
    </groups>
    <test name="Test" duration-ms="48" started-at="2019-04-17T02:58:08Z" finished-at="2019-04-17T02:58:08Z">
      <class name="NewTest">
        <test-method status="PASS" signature="f(java.lang.String, java.lang.String, java.lang.String, java.lang.String, int, int, int, int, int, double)[pri:0, instance:NewTest@381cad29]" name="f" duration-ms="15" started-at="2019-04-17T10:58:08Z" data-provider="test1" finished-at="2019-04-17T10:58:08Z">
          <params>
            <param index="0">
              <value>
                <![CDATA[儿童]]>
              </value>
            </param>
            <param index="1">
              <value>
                <![CDATA[头等舱]]>
              </value>
            </param>
            <param index="2">
              <value>
                <![CDATA[中国]]>
              </value>
            </param>
            <param index="3">
              <value>
                <![CDATA[中国]]>
              </value>
            </param>
            <param index="4">
              <value>
                <![CDATA[39]]>
              </value>
            </param>
            <param index="5">
              <value>
                <![CDATA[50]]>
              </value>
            </param>
            <param index="6">
              <value>
                <![CDATA[50]]>
              </value>
            </param>
            <param index="7">
              <value>
                <![CDATA[57]]>
              </value>
            </param>
            <param index="8">
              <value>
                <![CDATA[500]]>
              </value>
            </param>
            <param index="9">
              <value>
                <![CDATA[0.0]]>
              </value>
            </param>
          </params>
          <reporter-output>
          </reporter-output>
        </test-method> <!-- f -->
        <test-method status="PASS" signature="f(java.lang.String, java.lang.String, java.lang.String, java.lang.String, int, int, int, int, int, double)[pri:0, instance:NewTest@381cad29]" name="f" duration-ms="1" started-at="2019-04-17T10:58:08Z" data-provider="test1" finished-at="2019-04-17T10:58:08Z">
          <params>
            <param index="0">
              <value>
                <![CDATA[儿童]]>
              </value>
            </param>
            <param index="1">
              <value>
                <![CDATA[公务舱]]>
              </value>
            </param>
            <param index="2">
              <value>
                <![CDATA[中国]]>
              </value>
            </param>
            <param index="3">
              <value>
                <![CDATA[中国]]>
              </value>
            </param>
            <param index="4">
              <value>
                <![CDATA[29]]>
              </value>
            </param>
            <param index="5">
              <value>
                <![CDATA[50]]>
              </value>
            </param>
            <param index="6">
              <value>
                <![CDATA[50]]>
              </value>
            </param>
            <param index="7">
              <value>
                <![CDATA[57]]>
              </value>
            </param>
            <param index="8">
              <value>
                <![CDATA[500]]>
              </value>
            </param>
            <param index="9">
              <value>
                <![CDATA[0.0]]>
              </value>
            </param>
          </params>
          <reporter-output>
          </reporter-output>
        </test-method> <!-- f -->
        <test-method status="PASS" signature="f(java.lang.String, java.lang.String, java.lang.String, java.lang.String, int, int, int, int, int, double)[pri:0, instance:NewTest@381cad29]" name="f" duration-ms="0" started-at="2019-04-17T10:58:08Z" data-provider="test1" finished-at="2019-04-17T10:58:08Z">
          <params>
            <param index="0">
              <value>
                <![CDATA[南航明珠银卡会员]]>
              </value>
            </param>
            <param index="1">
              <value>
                <![CDATA[头等舱]]>
              </value>
            </param>
            <param index="2">
              <value>
                <![CDATA[中国]]>
              </value>
            </param>
            <param index="3">
              <value>
                <![CDATA[中国]]>
              </value>
            </param>
            <param index="4">
              <value>
                <![CDATA[49]]>
              </value>
            </param>
            <param index="5">
              <value>
                <![CDATA[50]]>
              </value>
            </param>
            <param index="6">
              <value>
                <![CDATA[50]]>
              </value>
            </param>
            <param index="7">
              <value>
                <![CDATA[57]]>
              </value>
            </param>
            <param index="8">
              <value>
                <![CDATA[500]]>
              </value>
            </param>
            <param index="9">
              <value>
                <![CDATA[0.0]]>
              </value>
            </param>
          </params>
          <reporter-output>
          </reporter-output>
        </test-method> <!-- f -->
        <test-method status="PASS" signature="f(java.lang.String, java.lang.String, java.lang.String, java.lang.String, int, int, int, int, int, double)[pri:0, instance:NewTest@381cad29]" name="f" duration-ms="0" started-at="2019-04-17T10:58:08Z" data-provider="test1" finished-at="2019-04-17T10:58:08Z">
          <params>
            <param index="0">
              <value>
                <![CDATA[占座婴儿]]>
              </value>
            </param>
            <param index="1">
              <value>
                <![CDATA[明珠经济舱]]>
              </value>
            </param>
            <param index="2">
              <value>
                <![CDATA[中国]]>
              </value>
            </param>
            <param index="3">
              <value>
                <![CDATA[中国]]>
              </value>
            </param>
            <param index="4">
              <value>
                <![CDATA[9]]>
              </value>
            </param>
            <param index="5">
              <value>
                <![CDATA[50]]>
              </value>
            </param>
            <param index="6">
              <value>
                <![CDATA[50]]>
              </value>
            </param>
            <param index="7">
              <value>
                <![CDATA[57]]>
              </value>
            </param>
            <param index="8">
              <value>
                <![CDATA[500]]>
              </value>
            </param>
            <param index="9">
              <value>
                <![CDATA[0.0]]>
              </value>
            </param>
          </params>
          <reporter-output>
          </reporter-output>
        </test-method> <!-- f -->
        <test-method status="PASS" signature="f(java.lang.String, java.lang.String, java.lang.String, java.lang.String, int, int, int, int, int, double)[pri:0, instance:NewTest@381cad29]" name="f" duration-ms="0" started-at="2019-04-17T10:58:08Z" data-provider="test1" finished-at="2019-04-17T10:58:08Z">
          <params>
            <param index="0">
              <value>
                <![CDATA[儿童]]>
              </value>
            </param>
            <param index="1">
              <value>
                <![CDATA[明珠经济舱]]>
              </value>
            </param>
            <param index="2">
              <value>
                <![CDATA[中国]]>
              </value>
            </param>
            <param index="3">
              <value>
                <![CDATA[中国]]>
              </value>
            </param>
            <param index="4">
              <value>
                <![CDATA[19]]>
              </value>
            </param>
            <param index="5">
              <value>
                <![CDATA[50]]>
              </value>
            </param>
            <param index="6">
              <value>
                <![CDATA[50]]>
              </value>
            </param>
            <param index="7">
              <value>
                <![CDATA[57]]>
              </value>
            </param>
            <param index="8">
              <value>
                <![CDATA[500]]>
              </value>
            </param>
            <param index="9">
              <value>
                <![CDATA[0.0]]>
              </value>
            </param>
          </params>
          <reporter-output>
          </reporter-output>
        </test-method> <!-- f -->
        <test-method status="PASS" signature="f(java.lang.String, java.lang.String, java.lang.String, java.lang.String, int, int, int, int, int, double)[pri:0, instance:NewTest@381cad29]" name="f" duration-ms="0" started-at="2019-04-17T10:58:08Z" data-provider="test1" finished-at="2019-04-17T10:58:08Z">
          <params>
            <param index="0">
              <value>
                <![CDATA[南航明珠金卡会员]]>
              </value>
            </param>
            <param index="1">
              <value>
                <![CDATA[头等舱]]>
              </value>
            </param>
            <param index="2">
              <value>
                <![CDATA[中国]]>
              </value>
            </param>
            <param index="3">
              <value>
                <![CDATA[中国]]>
              </value>
            </param>
            <param index="4">
              <value>
                <![CDATA[59]]>
              </value>
            </param>
            <param index="5">
              <value>
                <![CDATA[50]]>
              </value>
            </param>
            <param index="6">
              <value>
                <![CDATA[50]]>
              </value>
            </param>
            <param index="7">
              <value>
                <![CDATA[57]]>
              </value>
            </param>
            <param index="8">
              <value>
                <![CDATA[500]]>
              </value>
            </param>
            <param index="9">
              <value>
                <![CDATA[0.0]]>
              </value>
            </param>
          </params>
          <reporter-output>
          </reporter-output>
        </test-method> <!-- f -->
        <test-method status="PASS" signature="f(java.lang.String, java.lang.String, java.lang.String, java.lang.String, int, int, int, int, int, double)[pri:0, instance:NewTest@381cad29]" name="f" duration-ms="1" started-at="2019-04-17T10:58:08Z" data-provider="test1" finished-at="2019-04-17T10:58:08Z">
          <params>
            <param index="0">
              <value>
                <![CDATA[留学生]]>
              </value>
            </param>
            <param index="1">
              <value>
                <![CDATA[头等舱]]>
              </value>
            </param>
            <param index="2">
              <value>
                <![CDATA[中国]]>
              </value>
            </param>
            <param index="3">
              <value>
                <![CDATA[中国]]>
              </value>
            </param>
            <param index="4">
              <value>
                <![CDATA[39]]>
              </value>
            </param>
            <param index="5">
              <value>
                <![CDATA[50]]>
              </value>
            </param>
            <param index="6">
              <value>
                <![CDATA[50]]>
              </value>
            </param>
            <param index="7">
              <value>
                <![CDATA[57]]>
              </value>
            </param>
            <param index="8">
              <value>
                <![CDATA[500]]>
              </value>
            </param>
            <param index="9">
              <value>
                <![CDATA[0.0]]>
              </value>
            </param>
          </params>
          <reporter-output>
          </reporter-output>
        </test-method> <!-- f -->
        <test-method status="PASS" signature="f(java.lang.String, java.lang.String, java.lang.String, java.lang.String, int, int, int, int, int, double)[pri:0, instance:NewTest@381cad29]" name="f" duration-ms="0" started-at="2019-04-17T10:58:08Z" data-provider="test1" finished-at="2019-04-17T10:58:08Z">
          <params>
            <param index="0">
              <value>
                <![CDATA[占座婴儿]]>
              </value>
            </param>
            <param index="1">
              <value>
                <![CDATA[明珠经济舱]]>
              </value>
            </param>
            <param index="2">
              <value>
                <![CDATA[中国]]>
              </value>
            </param>
            <param index="3">
              <value>
                <![CDATA[中国]]>
              </value>
            </param>
            <param index="4">
              <value>
                <![CDATA[11]]>
              </value>
            </param>
            <param index="5">
              <value>
                <![CDATA[50]]>
              </value>
            </param>
            <param index="6">
              <value>
                <![CDATA[50]]>
              </value>
            </param>
            <param index="7">
              <value>
                <![CDATA[57]]>
              </value>
            </param>
            <param index="8">
              <value>
                <![CDATA[500]]>
              </value>
            </param>
            <param index="9">
              <value>
                <![CDATA[7.5]]>
              </value>
            </param>
          </params>
          <reporter-output>
          </reporter-output>
        </test-method> <!-- f -->
        <test-method status="PASS" signature="f(java.lang.String, java.lang.String, java.lang.String, java.lang.String, int, int, int, int, int, double)[pri:0, instance:NewTest@381cad29]" name="f" duration-ms="0" started-at="2019-04-17T10:58:08Z" data-provider="test1" finished-at="2019-04-17T10:58:08Z">
          <params>
            <param index="0">
              <value>
                <![CDATA[儿童]]>
              </value>
            </param>
            <param index="1">
              <value>
                <![CDATA[公务舱]]>
              </value>
            </param>
            <param index="2">
              <value>
                <![CDATA[中国]]>
              </value>
            </param>
            <param index="3">
              <value>
                <![CDATA[中国]]>
              </value>
            </param>
            <param index="4">
              <value>
                <![CDATA[31]]>
              </value>
            </param>
            <param index="5">
              <value>
                <![CDATA[50]]>
              </value>
            </param>
            <param index="6">
              <value>
                <![CDATA[50]]>
              </value>
            </param>
            <param index="7">
              <value>
                <![CDATA[57]]>
              </value>
            </param>
            <param index="8">
              <value>
                <![CDATA[500]]>
              </value>
            </param>
            <param index="9">
              <value>
                <![CDATA[7.5]]>
              </value>
            </param>
          </params>
          <reporter-output>
          </reporter-output>
        </test-method> <!-- f -->
        <test-method status="PASS" signature="f(java.lang.String, java.lang.String, java.lang.String, java.lang.String, int, int, int, int, int, double)[pri:0, instance:NewTest@381cad29]" name="f" duration-ms="0" started-at="2019-04-17T10:58:08Z" data-provider="test1" finished-at="2019-04-17T10:58:08Z">
          <params>
            <param index="0">
              <value>
                <![CDATA[儿童]]>
              </value>
            </param>
            <param index="1">
              <value>
                <![CDATA[头等舱]]>
              </value>
            </param>
            <param index="2">
              <value>
                <![CDATA[中国]]>
              </value>
            </param>
            <param index="3">
              <value>
                <![CDATA[中国]]>
              </value>
            </param>
            <param index="4">
              <value>
                <![CDATA[41]]>
              </value>
            </param>
            <param index="5">
              <value>
                <![CDATA[50]]>
              </value>
            </param>
            <param index="6">
              <value>
                <![CDATA[50]]>
              </value>
            </param>
            <param index="7">
              <value>
                <![CDATA[57]]>
              </value>
            </param>
            <param index="8">
              <value>
                <![CDATA[500]]>
              </value>
            </param>
            <param index="9">
              <value>
                <![CDATA[7.5]]>
              </value>
            </param>
          </params>
          <reporter-output>
          </reporter-output>
        </test-method> <!-- f -->
        <test-method status="PASS" signature="f(java.lang.String, java.lang.String, java.lang.String, java.lang.String, int, int, int, int, int, double)[pri:0, instance:NewTest@381cad29]" name="f" duration-ms="1" started-at="2019-04-17T10:58:08Z" data-provider="test1" finished-at="2019-04-17T10:58:08Z">
          <params>
            <param index="0">
              <value>
                <![CDATA[不占座婴儿]]>
              </value>
            </param>
            <param index="1">
              <value>
                <![CDATA[明珠经济舱]]>
              </value>
            </param>
            <param index="2">
              <value>
                <![CDATA[中国]]>
              </value>
            </param>
            <param index="3">
              <value>
                <![CDATA[中国]]>
              </value>
            </param>
            <param index="4">
              <value>
                <![CDATA[11]]>
              </value>
            </param>
            <param index="5">
              <value>
                <![CDATA[50]]>
              </value>
            </param>
            <param index="6">
              <value>
                <![CDATA[50]]>
              </value>
            </param>
            <param index="7">
              <value>
                <![CDATA[57]]>
              </value>
            </param>
            <param index="8">
              <value>
                <![CDATA[500]]>
              </value>
            </param>
            <param index="9">
              <value>
                <![CDATA[7.5]]>
              </value>
            </param>
          </params>
          <reporter-output>
          </reporter-output>
        </test-method> <!-- f -->
        <test-method status="PASS" signature="f(java.lang.String, java.lang.String, java.lang.String, java.lang.String, int, int, int, int, int, double)[pri:0, instance:NewTest@381cad29]" name="f" duration-ms="0" started-at="2019-04-17T10:58:08Z" data-provider="test1" finished-at="2019-04-17T10:58:08Z">
          <params>
            <param index="0">
              <value>
                <![CDATA[儿童]]>
              </value>
            </param>
            <param index="1">
              <value>
                <![CDATA[明珠经济舱]]>
              </value>
            </param>
            <param index="2">
              <value>
                <![CDATA[中国]]>
              </value>
            </param>
            <param index="3">
              <value>
                <![CDATA[中国]]>
              </value>
            </param>
            <param index="4">
              <value>
                <![CDATA[21]]>
              </value>
            </param>
            <param index="5">
              <value>
                <![CDATA[50]]>
              </value>
            </param>
            <param index="6">
              <value>
                <![CDATA[50]]>
              </value>
            </param>
            <param index="7">
              <value>
                <![CDATA[57]]>
              </value>
            </param>
            <param index="8">
              <value>
                <![CDATA[500]]>
              </value>
            </param>
            <param index="9">
              <value>
                <![CDATA[7.5]]>
              </value>
            </param>
          </params>
          <reporter-output>
          </reporter-output>
        </test-method> <!-- f -->
        <test-method status="PASS" signature="f(java.lang.String, java.lang.String, java.lang.String, java.lang.String, int, int, int, int, int, double)[pri:0, instance:NewTest@381cad29]" name="f" duration-ms="0" started-at="2019-04-17T10:58:08Z" data-provider="test1" finished-at="2019-04-17T10:58:08Z">
          <params>
            <param index="0">
              <value>
                <![CDATA[南航明珠金卡会员]]>
              </value>
            </param>
            <param index="1">
              <value>
                <![CDATA[头等舱]]>
              </value>
            </param>
            <param index="2">
              <value>
                <![CDATA[中国]]>
              </value>
            </param>
            <param index="3">
              <value>
                <![CDATA[中国]]>
              </value>
            </param>
            <param index="4">
              <value>
                <![CDATA[59]]>
              </value>
            </param>
            <param index="5">
              <value>
                <![CDATA[50]]>
              </value>
            </param>
            <param index="6">
              <value>
                <![CDATA[50]]>
              </value>
            </param>
            <param index="7">
              <value>
                <![CDATA[57]]>
              </value>
            </param>
            <param index="8">
              <value>
                <![CDATA[500]]>
              </value>
            </param>
            <param index="9">
              <value>
                <![CDATA[0.0]]>
              </value>
            </param>
          </params>
          <reporter-output>
          </reporter-output>
        </test-method> <!-- f -->
        <test-method status="PASS" signature="f(java.lang.String, java.lang.String, java.lang.String, java.lang.String, int, int, int, int, int, double)[pri:0, instance:NewTest@381cad29]" name="f" duration-ms="1" started-at="2019-04-17T10:58:08Z" data-provider="test1" finished-at="2019-04-17T10:58:08Z">
          <params>
            <param index="0">
              <value>
                <![CDATA[南航明珠银卡会员]]>
              </value>
            </param>
            <param index="1">
              <value>
                <![CDATA[头等舱]]>
              </value>
            </param>
            <param index="2">
              <value>
                <![CDATA[中国]]>
              </value>
            </param>
            <param index="3">
              <value>
                <![CDATA[中国]]>
              </value>
            </param>
            <param index="4">
              <value>
                <![CDATA[49]]>
              </value>
            </param>
            <param index="5">
              <value>
                <![CDATA[50]]>
              </value>
            </param>
            <param index="6">
              <value>
                <![CDATA[50]]>
              </value>
            </param>
            <param index="7">
              <value>
                <![CDATA[57]]>
              </value>
            </param>
            <param index="8">
              <value>
                <![CDATA[500]]>
              </value>
            </param>
            <param index="9">
              <value>
                <![CDATA[0.0]]>
              </value>
            </param>
          </params>
          <reporter-output>
          </reporter-output>
        </test-method> <!-- f -->
        <test-method status="PASS" signature="f(java.lang.String, java.lang.String, java.lang.String, java.lang.String, int, int, int, int, int, double)[pri:0, instance:NewTest@381cad29]" name="f" duration-ms="0" started-at="2019-04-17T10:58:08Z" data-provider="test1" finished-at="2019-04-17T10:58:08Z">
          <params>
            <param index="0">
              <value>
                <![CDATA[占座婴儿]]>
              </value>
            </param>
            <param index="1">
              <value>
                <![CDATA[明珠经济舱]]>
              </value>
            </param>
            <param index="2">
              <value>
                <![CDATA[中国]]>
              </value>
            </param>
            <param index="3">
              <value>
                <![CDATA[中国]]>
              </value>
            </param>
            <param index="4">
              <value>
                <![CDATA[9]]>
              </value>
            </param>
            <param index="5">
              <value>
                <![CDATA[50]]>
              </value>
            </param>
            <param index="6">
              <value>
                <![CDATA[50]]>
              </value>
            </param>
            <param index="7">
              <value>
                <![CDATA[57]]>
              </value>
            </param>
            <param index="8">
              <value>
                <![CDATA[500]]>
              </value>
            </param>
            <param index="9">
              <value>
                <![CDATA[0.0]]>
              </value>
            </param>
          </params>
          <reporter-output>
          </reporter-output>
        </test-method> <!-- f -->
        <test-method status="PASS" signature="f(java.lang.String, java.lang.String, java.lang.String, java.lang.String, int, int, int, int, int, double)[pri:0, instance:NewTest@381cad29]" name="f" duration-ms="0" started-at="2019-04-17T10:58:08Z" data-provider="test1" finished-at="2019-04-17T10:58:08Z">
          <params>
            <param index="0">
              <value>
                <![CDATA[儿童]]>
              </value>
            </param>
            <param index="1">
              <value>
                <![CDATA[明珠经济舱]]>
              </value>
            </param>
            <param index="2">
              <value>
                <![CDATA[中国]]>
              </value>
            </param>
            <param index="3">
              <value>
                <![CDATA[中国]]>
              </value>
            </param>
            <param index="4">
              <value>
                <![CDATA[19]]>
              </value>
            </param>
            <param index="5">
              <value>
                <![CDATA[50]]>
              </value>
            </param>
            <param index="6">
              <value>
                <![CDATA[50]]>
              </value>
            </param>
            <param index="7">
              <value>
                <![CDATA[57]]>
              </value>
            </param>
            <param index="8">
              <value>
                <![CDATA[500]]>
              </value>
            </param>
            <param index="9">
              <value>
                <![CDATA[0.0]]>
              </value>
            </param>
          </params>
          <reporter-output>
          </reporter-output>
        </test-method> <!-- f -->
        <test-method status="PASS" signature="f(java.lang.String, java.lang.String, java.lang.String, java.lang.String, int, int, int, int, int, double)[pri:0, instance:NewTest@381cad29]" name="f" duration-ms="1" started-at="2019-04-17T10:58:08Z" data-provider="test1" finished-at="2019-04-17T10:58:08Z">
          <params>
            <param index="0">
              <value>
                <![CDATA[儿童]]>
              </value>
            </param>
            <param index="1">
              <value>
                <![CDATA[头等舱]]>
              </value>
            </param>
            <param index="2">
              <value>
                <![CDATA[中国]]>
              </value>
            </param>
            <param index="3">
              <value>
                <![CDATA[中国]]>
              </value>
            </param>
            <param index="4">
              <value>
                <![CDATA[41]]>
              </value>
            </param>
            <param index="5">
              <value>
                <![CDATA[50]]>
              </value>
            </param>
            <param index="6">
              <value>
                <![CDATA[50]]>
              </value>
            </param>
            <param index="7">
              <value>
                <![CDATA[57]]>
              </value>
            </param>
            <param index="8">
              <value>
                <![CDATA[500]]>
              </value>
            </param>
            <param index="9">
              <value>
                <![CDATA[7.5]]>
              </value>
            </param>
          </params>
          <reporter-output>
          </reporter-output>
        </test-method> <!-- f -->
        <test-method status="PASS" signature="f(java.lang.String, java.lang.String, java.lang.String, java.lang.String, int, int, int, int, int, double)[pri:0, instance:NewTest@381cad29]" name="f" duration-ms="0" started-at="2019-04-17T10:58:08Z" data-provider="test1" finished-at="2019-04-17T10:58:08Z">
          <params>
            <param index="0">
              <value>
                <![CDATA[留学生]]>
              </value>
            </param>
            <param index="1">
              <value>
                <![CDATA[头等舱]]>
              </value>
            </param>
            <param index="2">
              <value>
                <![CDATA[中国]]>
              </value>
            </param>
            <param index="3">
              <value>
                <![CDATA[中国]]>
              </value>
            </param>
            <param index="4">
              <value>
                <![CDATA[39]]>
              </value>
            </param>
            <param index="5">
              <value>
                <![CDATA[50]]>
              </value>
            </param>
            <param index="6">
              <value>
                <![CDATA[50]]>
              </value>
            </param>
            <param index="7">
              <value>
                <![CDATA[57]]>
              </value>
            </param>
            <param index="8">
              <value>
                <![CDATA[500]]>
              </value>
            </param>
            <param index="9">
              <value>
                <![CDATA[0.0]]>
              </value>
            </param>
          </params>
          <reporter-output>
          </reporter-output>
        </test-method> <!-- f -->
        <test-method status="PASS" signature="f(java.lang.String, java.lang.String, java.lang.String, java.lang.String, int, int, int, int, int, double)[pri:0, instance:NewTest@381cad29]" name="f" duration-ms="0" started-at="2019-04-17T10:58:08Z" data-provider="test1" finished-at="2019-04-17T10:58:08Z">
          <params>
            <param index="0">
              <value>
                <![CDATA[儿童]]>
              </value>
            </param>
            <param index="1">
              <value>
                <![CDATA[头等舱]]>
              </value>
            </param>
            <param index="2">
              <value>
                <![CDATA[中国]]>
              </value>
            </param>
            <param index="3">
              <value>
                <![CDATA[中国]]>
              </value>
            </param>
            <param index="4">
              <value>
                <![CDATA[41]]>
              </value>
            </param>
            <param index="5">
              <value>
                <![CDATA[50]]>
              </value>
            </param>
            <param index="6">
              <value>
                <![CDATA[50]]>
              </value>
            </param>
            <param index="7">
              <value>
                <![CDATA[57]]>
              </value>
            </param>
            <param index="8">
              <value>
                <![CDATA[500]]>
              </value>
            </param>
            <param index="9">
              <value>
                <![CDATA[7.5]]>
              </value>
            </param>
          </params>
          <reporter-output>
          </reporter-output>
        </test-method> <!-- f -->
        <test-method status="PASS" signature="f(java.lang.String, java.lang.String, java.lang.String, java.lang.String, int, int, int, int, int, double)[pri:0, instance:NewTest@381cad29]" name="f" duration-ms="0" started-at="2019-04-17T10:58:08Z" data-provider="test1" finished-at="2019-04-17T10:58:08Z">
          <params>
            <param index="0">
              <value>
                <![CDATA[儿童]]>
              </value>
            </param>
            <param index="1">
              <value>
                <![CDATA[公务舱]]>
              </value>
            </param>
            <param index="2">
              <value>
                <![CDATA[中国]]>
              </value>
            </param>
            <param index="3">
              <value>
                <![CDATA[中国]]>
              </value>
            </param>
            <param index="4">
              <value>
                <![CDATA[31]]>
              </value>
            </param>
            <param index="5">
              <value>
                <![CDATA[50]]>
              </value>
            </param>
            <param index="6">
              <value>
                <![CDATA[50]]>
              </value>
            </param>
            <param index="7">
              <value>
                <![CDATA[57]]>
              </value>
            </param>
            <param index="8">
              <value>
                <![CDATA[500]]>
              </value>
            </param>
            <param index="9">
              <value>
                <![CDATA[7.5]]>
              </value>
            </param>
          </params>
          <reporter-output>
          </reporter-output>
        </test-method> <!-- f -->
        <test-method status="PASS" signature="f(java.lang.String, java.lang.String, java.lang.String, java.lang.String, int, int, int, int, int, double)[pri:0, instance:NewTest@381cad29]" name="f" duration-ms="0" started-at="2019-04-17T10:58:08Z" data-provider="test1" finished-at="2019-04-17T10:58:08Z">
          <params>
            <param index="0">
              <value>
                <![CDATA[儿童]]>
              </value>
            </param>
            <param index="1">
              <value>
                <![CDATA[明珠经济舱]]>
              </value>
            </param>
            <param index="2">
              <value>
                <![CDATA[中国]]>
              </value>
            </param>
            <param index="3">
              <value>
                <![CDATA[中国]]>
              </value>
            </param>
            <param index="4">
              <value>
                <![CDATA[21]]>
              </value>
            </param>
            <param index="5">
              <value>
                <![CDATA[50]]>
              </value>
            </param>
            <param index="6">
              <value>
                <![CDATA[50]]>
              </value>
            </param>
            <param index="7">
              <value>
                <![CDATA[57]]>
              </value>
            </param>
            <param index="8">
              <value>
                <![CDATA[500]]>
              </value>
            </param>
            <param index="9">
              <value>
                <![CDATA[7.5]]>
              </value>
            </param>
          </params>
          <reporter-output>
          </reporter-output>
        </test-method> <!-- f -->
        <test-method status="PASS" signature="f(java.lang.String, java.lang.String, java.lang.String, java.lang.String, int, int, int, int, int, double)[pri:0, instance:NewTest@381cad29]" name="f" duration-ms="0" started-at="2019-04-17T10:58:08Z" data-provider="test1" finished-at="2019-04-17T10:58:08Z">
          <params>
            <param index="0">
              <value>
                <![CDATA[儿童]]>
              </value>
            </param>
            <param index="1">
              <value>
                <![CDATA[公务舱]]>
              </value>
            </param>
            <param index="2">
              <value>
                <![CDATA[中国]]>
              </value>
            </param>
            <param index="3">
              <value>
                <![CDATA[中国]]>
              </value>
            </param>
            <param index="4">
              <value>
                <![CDATA[31]]>
              </value>
            </param>
            <param index="5">
              <value>
                <![CDATA[50]]>
              </value>
            </param>
            <param index="6">
              <value>
                <![CDATA[50]]>
              </value>
            </param>
            <param index="7">
              <value>
                <![CDATA[57]]>
              </value>
            </param>
            <param index="8">
              <value>
                <![CDATA[500]]>
              </value>
            </param>
            <param index="9">
              <value>
                <![CDATA[7.5]]>
              </value>
            </param>
          </params>
          <reporter-output>
          </reporter-output>
        </test-method> <!-- f -->
        <test-method status="PASS" signature="f(java.lang.String, java.lang.String, java.lang.String, java.lang.String, int, int, int, int, int, double)[pri:0, instance:NewTest@381cad29]" name="f" duration-ms="0" started-at="2019-04-17T10:58:08Z" data-provider="test1" finished-at="2019-04-17T10:58:08Z">
          <params>
            <param index="0">
              <value>
                <![CDATA[儿童]]>
              </value>
            </param>
            <param index="1">
              <value>
                <![CDATA[明珠经济舱]]>
              </value>
            </param>
            <param index="2">
              <value>
                <![CDATA[中国]]>
              </value>
            </param>
            <param index="3">
              <value>
                <![CDATA[中国]]>
              </value>
            </param>
            <param index="4">
              <value>
                <![CDATA[19]]>
              </value>
            </param>
            <param index="5">
              <value>
                <![CDATA[50]]>
              </value>
            </param>
            <param index="6">
              <value>
                <![CDATA[50]]>
              </value>
            </param>
            <param index="7">
              <value>
                <![CDATA[57]]>
              </value>
            </param>
            <param index="8">
              <value>
                <![CDATA[500]]>
              </value>
            </param>
            <param index="9">
              <value>
                <![CDATA[0.0]]>
              </value>
            </param>
          </params>
          <reporter-output>
          </reporter-output>
        </test-method> <!-- f -->
        <test-method status="PASS" signature="f(java.lang.String, java.lang.String, java.lang.String, java.lang.String, int, int, int, int, int, double)[pri:0, instance:NewTest@381cad29]" name="f" duration-ms="0" started-at="2019-04-17T10:58:08Z" data-provider="test1" finished-at="2019-04-17T10:58:08Z">
          <params>
            <param index="0">
              <value>
                <![CDATA[占座婴儿]]>
              </value>
            </param>
            <param index="1">
              <value>
                <![CDATA[明珠经济舱]]>
              </value>
            </param>
            <param index="2">
              <value>
                <![CDATA[中国]]>
              </value>
            </param>
            <param index="3">
              <value>
                <![CDATA[中国]]>
              </value>
            </param>
            <param index="4">
              <value>
                <![CDATA[11]]>
              </value>
            </param>
            <param index="5">
              <value>
                <![CDATA[50]]>
              </value>
            </param>
            <param index="6">
              <value>
                <![CDATA[50]]>
              </value>
            </param>
            <param index="7">
              <value>
                <![CDATA[57]]>
              </value>
            </param>
            <param index="8">
              <value>
                <![CDATA[500]]>
              </value>
            </param>
            <param index="9">
              <value>
                <![CDATA[7.5]]>
              </value>
            </param>
          </params>
          <reporter-output>
          </reporter-output>
        </test-method> <!-- f -->
        <test-method status="PASS" signature="f(java.lang.String, java.lang.String, java.lang.String, java.lang.String, int, int, int, int, int, double)[pri:0, instance:NewTest@381cad29]" name="f" duration-ms="0" started-at="2019-04-17T10:58:08Z" data-provider="test1" finished-at="2019-04-17T10:58:08Z">
          <params>
            <param index="0">
              <value>
                <![CDATA[儿童]]>
              </value>
            </param>
            <param index="1">
              <value>
                <![CDATA[明珠经济舱]]>
              </value>
            </param>
            <param index="2">
              <value>
                <![CDATA[中国]]>
              </value>
            </param>
            <param index="3">
              <value>
                <![CDATA[中国]]>
              </value>
            </param>
            <param index="4">
              <value>
                <![CDATA[21]]>
              </value>
            </param>
            <param index="5">
              <value>
                <![CDATA[50]]>
              </value>
            </param>
            <param index="6">
              <value>
                <![CDATA[50]]>
              </value>
            </param>
            <param index="7">
              <value>
                <![CDATA[57]]>
              </value>
            </param>
            <param index="8">
              <value>
                <![CDATA[500]]>
              </value>
            </param>
            <param index="9">
              <value>
                <![CDATA[7.5]]>
              </value>
            </param>
          </params>
          <reporter-output>
          </reporter-output>
        </test-method> <!-- f -->
        <test-method status="PASS" signature="f(java.lang.String, java.lang.String, java.lang.String, java.lang.String, int, int, int, int, int, double)[pri:0, instance:NewTest@381cad29]" name="f" duration-ms="0" started-at="2019-04-17T10:58:08Z" data-provider="test1" finished-at="2019-04-17T10:58:08Z">
          <params>
            <param index="0">
              <value>
                <![CDATA[不占座婴儿]]>
              </value>
            </param>
            <param index="1">
              <value>
                <![CDATA[明珠经济舱]]>
              </value>
            </param>
            <param index="2">
              <value>
                <![CDATA[中国]]>
              </value>
            </param>
            <param index="3">
              <value>
                <![CDATA[中国]]>
              </value>
            </param>
            <param index="4">
              <value>
                <![CDATA[11]]>
              </value>
            </param>
            <param index="5">
              <value>
                <![CDATA[50]]>
              </value>
            </param>
            <param index="6">
              <value>
                <![CDATA[50]]>
              </value>
            </param>
            <param index="7">
              <value>
                <![CDATA[57]]>
              </value>
            </param>
            <param index="8">
              <value>
                <![CDATA[500]]>
              </value>
            </param>
            <param index="9">
              <value>
                <![CDATA[7.5]]>
              </value>
            </param>
          </params>
          <reporter-output>
          </reporter-output>
        </test-method> <!-- f -->
        <test-method status="PASS" signature="f(java.lang.String, java.lang.String, java.lang.String, java.lang.String, int, int, int, int, int, double)[pri:0, instance:NewTest@381cad29]" name="f" duration-ms="1" started-at="2019-04-17T10:58:08Z" data-provider="test1" finished-at="2019-04-17T10:58:08Z">
          <params>
            <param index="0">
              <value>
                <![CDATA[占座婴儿]]>
              </value>
            </param>
            <param index="1">
              <value>
                <![CDATA[明珠经济舱]]>
              </value>
            </param>
            <param index="2">
              <value>
                <![CDATA[中国]]>
              </value>
            </param>
            <param index="3">
              <value>
                <![CDATA[中国]]>
              </value>
            </param>
            <param index="4">
              <value>
                <![CDATA[9]]>
              </value>
            </param>
            <param index="5">
              <value>
                <![CDATA[50]]>
              </value>
            </param>
            <param index="6">
              <value>
                <![CDATA[50]]>
              </value>
            </param>
            <param index="7">
              <value>
                <![CDATA[57]]>
              </value>
            </param>
            <param index="8">
              <value>
                <![CDATA[500]]>
              </value>
            </param>
            <param index="9">
              <value>
                <![CDATA[0.0]]>
              </value>
            </param>
          </params>
          <reporter-output>
          </reporter-output>
        </test-method> <!-- f -->
        <test-method status="PASS" signature="f(java.lang.String, java.lang.String, java.lang.String, java.lang.String, int, int, int, int, int, double)[pri:0, instance:NewTest@381cad29]" name="f" duration-ms="0" started-at="2019-04-17T10:58:08Z" data-provider="test1" finished-at="2019-04-17T10:58:08Z">
          <params>
            <param index="0">
              <value>
                <![CDATA[南航明珠金卡会员]]>
              </value>
            </param>
            <param index="1">
              <value>
                <![CDATA[头等舱]]>
              </value>
            </param>
            <param index="2">
              <value>
                <![CDATA[中国]]>
              </value>
            </param>
            <param index="3">
              <value>
                <![CDATA[中国]]>
              </value>
            </param>
            <param index="4">
              <value>
                <![CDATA[59]]>
              </value>
            </param>
            <param index="5">
              <value>
                <![CDATA[50]]>
              </value>
            </param>
            <param index="6">
              <value>
                <![CDATA[50]]>
              </value>
            </param>
            <param index="7">
              <value>
                <![CDATA[57]]>
              </value>
            </param>
            <param index="8">
              <value>
                <![CDATA[500]]>
              </value>
            </param>
            <param index="9">
              <value>
                <![CDATA[0.0]]>
              </value>
            </param>
          </params>
          <reporter-output>
          </reporter-output>
        </test-method> <!-- f -->
        <test-method status="PASS" signature="f(java.lang.String, java.lang.String, java.lang.String, java.lang.String, int, int, int, int, int, double)[pri:0, instance:NewTest@381cad29]" name="f" duration-ms="0" started-at="2019-04-17T10:58:08Z" data-provider="test1" finished-at="2019-04-17T10:58:08Z">
          <params>
            <param index="0">
              <value>
                <![CDATA[南航明珠金卡会员]]>
              </value>
            </param>
            <param index="1">
              <value>
                <![CDATA[明珠经济舱]]>
              </value>
            </param>
            <param index="2">
              <value>
                <![CDATA[中西亚]]>
              </value>
            </param>
            <param index="3">
              <value>
                <![CDATA[中国]]>
              </value>
            </param>
            <param index="4">
              <value>
                <![CDATA[42]]>
              </value>
            </param>
            <param index="5">
              <value>
                <![CDATA[50]]>
              </value>
            </param>
            <param index="6">
              <value>
                <![CDATA[50]]>
              </value>
            </param>
            <param index="7">
              <value>
                <![CDATA[57]]>
              </value>
            </param>
            <param index="8">
              <value>
                <![CDATA[500]]>
              </value>
            </param>
            <param index="9">
              <value>
                <![CDATA[0.0]]>
              </value>
            </param>
          </params>
          <reporter-output>
          </reporter-output>
        </test-method> <!-- f -->
        <test-method status="PASS" signature="f(java.lang.String, java.lang.String, java.lang.String, java.lang.String, int, int, int, int, int, double)[pri:0, instance:NewTest@381cad29]" name="f" duration-ms="0" started-at="2019-04-17T10:58:08Z" data-provider="test1" finished-at="2019-04-17T10:58:08Z">
          <params>
            <param index="0">
              <value>
                <![CDATA[成人]]>
              </value>
            </param>
            <param index="1">
              <value>
                <![CDATA[明珠经济舱]]>
              </value>
            </param>
            <param index="2">
              <value>
                <![CDATA[中西亚]]>
              </value>
            </param>
            <param index="3">
              <value>
                <![CDATA[中国]]>
              </value>
            </param>
            <param index="4">
              <value>
                <![CDATA[33]]>
              </value>
            </param>
            <param index="5">
              <value>
                <![CDATA[50]]>
              </value>
            </param>
            <param index="6">
              <value>
                <![CDATA[50]]>
              </value>
            </param>
            <param index="7">
              <value>
                <![CDATA[57]]>
              </value>
            </param>
            <param index="8">
              <value>
                <![CDATA[500]]>
              </value>
            </param>
            <param index="9">
              <value>
                <![CDATA[3000.0]]>
              </value>
            </param>
          </params>
          <reporter-output>
          </reporter-output>
        </test-method> <!-- f -->
        <test-method status="PASS" signature="f2(java.lang.String, java.lang.String, java.lang.String, java.lang.String, int, int, int, int, int, int, int, int, int, int, int, int, int, double)[pri:0, instance:NewTest@381cad29]" name="f2" duration-ms="0" started-at="2019-04-17T10:58:08Z" data-provider="test2" finished-at="2019-04-17T10:58:08Z">
          <params>
            <param index="0">
              <value>
                <![CDATA[南航明珠金卡会员]]>
              </value>
            </param>
            <param index="1">
              <value>
                <![CDATA[头等舱]]>
              </value>
            </param>
            <param index="2">
              <value>
                <![CDATA[美洲]]>
              </value>
            </param>
            <param index="3">
              <value>
                <![CDATA[中国]]>
              </value>
            </param>
            <param index="4">
              <value>
                <![CDATA[51]]>
              </value>
            </param>
            <param index="5">
              <value>
                <![CDATA[50]]>
              </value>
            </param>
            <param index="6">
              <value>
                <![CDATA[50]]>
              </value>
            </param>
            <param index="7">
              <value>
                <![CDATA[57]]>
              </value>
            </param>
            <param index="8">
              <value>
                <![CDATA[51]]>
              </value>
            </param>
            <param index="9">
              <value>
                <![CDATA[50]]>
              </value>
            </param>
            <param index="10">
              <value>
                <![CDATA[50]]>
              </value>
            </param>
            <param index="11">
              <value>
                <![CDATA[57]]>
              </value>
            </param>
            <param index="12">
              <value>
                <![CDATA[51]]>
              </value>
            </param>
            <param index="13">
              <value>
                <![CDATA[50]]>
              </value>
            </param>
            <param index="14">
              <value>
                <![CDATA[50]]>
              </value>
            </param>
            <param index="15">
              <value>
                <![CDATA[57]]>
              </value>
            </param>
            <param index="16">
              <value>
                <![CDATA[500]]>
              </value>
            </param>
            <param index="17">
              <value>
                <![CDATA[0.0]]>
              </value>
            </param>
          </params>
          <reporter-output>
          </reporter-output>
        </test-method> <!-- f2 -->
        <test-method status="PASS" signature="f2(java.lang.String, java.lang.String, java.lang.String, java.lang.String, int, int, int, int, int, int, int, int, int, int, int, int, int, double)[pri:0, instance:NewTest@381cad29]" name="f2" duration-ms="1" started-at="2019-04-17T10:58:08Z" data-provider="test2" finished-at="2019-04-17T10:58:08Z">
          <params>
            <param index="0">
              <value>
                <![CDATA[成人]]>
              </value>
            </param>
            <param index="1">
              <value>
                <![CDATA[头等舱]]>
              </value>
            </param>
            <param index="2">
              <value>
                <![CDATA[中西亚]]>
              </value>
            </param>
            <param index="3">
              <value>
                <![CDATA[中国]]>
              </value>
            </param>
            <param index="4">
              <value>
                <![CDATA[46]]>
              </value>
            </param>
            <param index="5">
              <value>
                <![CDATA[50]]>
              </value>
            </param>
            <param index="6">
              <value>
                <![CDATA[50]]>
              </value>
            </param>
            <param index="7">
              <value>
                <![CDATA[57]]>
              </value>
            </param>
            <param index="8">
              <value>
                <![CDATA[46]]>
              </value>
            </param>
            <param index="9">
              <value>
                <![CDATA[50]]>
              </value>
            </param>
            <param index="10">
              <value>
                <![CDATA[50]]>
              </value>
            </param>
            <param index="11">
              <value>
                <![CDATA[57]]>
              </value>
            </param>
            <param index="12">
              <value>
                <![CDATA[46]]>
              </value>
            </param>
            <param index="13">
              <value>
                <![CDATA[50]]>
              </value>
            </param>
            <param index="14">
              <value>
                <![CDATA[50]]>
              </value>
            </param>
            <param index="15">
              <value>
                <![CDATA[57]]>
              </value>
            </param>
            <param index="16">
              <value>
                <![CDATA[500]]>
              </value>
            </param>
            <param index="17">
              <value>
                <![CDATA[-1.0]]>
              </value>
            </param>
          </params>
          <reporter-output>
          </reporter-output>
        </test-method> <!-- f2 -->
        <test-method status="PASS" signature="f2(java.lang.String, java.lang.String, java.lang.String, java.lang.String, int, int, int, int, int, int, int, int, int, int, int, int, int, double)[pri:0, instance:NewTest@381cad29]" name="f2" duration-ms="0" started-at="2019-04-17T10:58:08Z" data-provider="test2" finished-at="2019-04-17T10:58:08Z">
          <params>
            <param index="0">
              <value>
                <![CDATA[南航明珠银卡会员]]>
              </value>
            </param>
            <param index="1">
              <value>
                <![CDATA[头等舱]]>
              </value>
            </param>
            <param index="2">
              <value>
                <![CDATA[美洲]]>
              </value>
            </param>
            <param index="3">
              <value>
                <![CDATA[中国]]>
              </value>
            </param>
            <param index="4">
              <value>
                <![CDATA[41]]>
              </value>
            </param>
            <param index="5">
              <value>
                <![CDATA[50]]>
              </value>
            </param>
            <param index="6">
              <value>
                <![CDATA[50]]>
              </value>
            </param>
            <param index="7">
              <value>
                <![CDATA[57]]>
              </value>
            </param>
            <param index="8">
              <value>
                <![CDATA[41]]>
              </value>
            </param>
            <param index="9">
              <value>
                <![CDATA[50]]>
              </value>
            </param>
            <param index="10">
              <value>
                <![CDATA[50]]>
              </value>
            </param>
            <param index="11">
              <value>
                <![CDATA[57]]>
              </value>
            </param>
            <param index="12">
              <value>
                <![CDATA[41]]>
              </value>
            </param>
            <param index="13">
              <value>
                <![CDATA[50]]>
              </value>
            </param>
            <param index="14">
              <value>
                <![CDATA[50]]>
              </value>
            </param>
            <param index="15">
              <value>
                <![CDATA[57]]>
              </value>
            </param>
            <param index="16">
              <value>
                <![CDATA[500]]>
              </value>
            </param>
            <param index="17">
              <value>
                <![CDATA[0.0]]>
              </value>
            </param>
          </params>
          <reporter-output>
          </reporter-output>
        </test-method> <!-- f2 -->
        <test-method status="PASS" signature="f2(java.lang.String, java.lang.String, java.lang.String, java.lang.String, int, int, int, int, int, int, int, int, int, int, int, int, int, double)[pri:0, instance:NewTest@381cad29]" name="f2" duration-ms="0" started-at="2019-04-17T10:58:08Z" data-provider="test2" finished-at="2019-04-17T10:58:08Z">
          <params>
            <param index="0">
              <value>
                <![CDATA[成人]]>
              </value>
            </param>
            <param index="1">
              <value>
                <![CDATA[头等舱]]>
              </value>
            </param>
            <param index="2">
              <value>
                <![CDATA[美洲]]>
              </value>
            </param>
            <param index="3">
              <value>
                <![CDATA[中国]]>
              </value>
            </param>
            <param index="4">
              <value>
                <![CDATA[31]]>
              </value>
            </param>
            <param index="5">
              <value>
                <![CDATA[50]]>
              </value>
            </param>
            <param index="6">
              <value>
                <![CDATA[50]]>
              </value>
            </param>
            <param index="7">
              <value>
                <![CDATA[57]]>
              </value>
            </param>
            <param index="8">
              <value>
                <![CDATA[31]]>
              </value>
            </param>
            <param index="9">
              <value>
                <![CDATA[50]]>
              </value>
            </param>
            <param index="10">
              <value>
                <![CDATA[50]]>
              </value>
            </param>
            <param index="11">
              <value>
                <![CDATA[57]]>
              </value>
            </param>
            <param index="12">
              <value>
                <![CDATA[31]]>
              </value>
            </param>
            <param index="13">
              <value>
                <![CDATA[50]]>
              </value>
            </param>
            <param index="14">
              <value>
                <![CDATA[50]]>
              </value>
            </param>
            <param index="15">
              <value>
                <![CDATA[57]]>
              </value>
            </param>
            <param index="16">
              <value>
                <![CDATA[500]]>
              </value>
            </param>
            <param index="17">
              <value>
                <![CDATA[0.0]]>
              </value>
            </param>
          </params>
          <reporter-output>
          </reporter-output>
        </test-method> <!-- f2 -->
        <test-method status="PASS" signature="f2(java.lang.String, java.lang.String, java.lang.String, java.lang.String, int, int, int, int, int, int, int, int, int, int, int, int, int, double)[pri:0, instance:NewTest@381cad29]" name="f2" duration-ms="0" started-at="2019-04-17T10:58:08Z" data-provider="test2" finished-at="2019-04-17T10:58:08Z">
          <params>
            <param index="0">
              <value>
                <![CDATA[南航明珠金卡会员]]>
              </value>
            </param>
            <param index="1">
              <value>
                <![CDATA[头等舱]]>
              </value>
            </param>
            <param index="2">
              <value>
                <![CDATA[韩国]]>
              </value>
            </param>
            <param index="3">
              <value>
                <![CDATA[中国]]>
              </value>
            </param>
            <param index="4">
              <value>
                <![CDATA[66]]>
              </value>
            </param>
            <param index="5">
              <value>
                <![CDATA[-2]]>
              </value>
            </param>
            <param index="6">
              <value>
                <![CDATA[50]]>
              </value>
            </param>
            <param index="7">
              <value>
                <![CDATA[57]]>
              </value>
            </param>
            <param index="8">
              <value>
                <![CDATA[66]]>
              </value>
            </param>
            <param index="9">
              <value>
                <![CDATA[50]]>
              </value>
            </param>
            <param index="10">
              <value>
                <![CDATA[50]]>
              </value>
            </param>
            <param index="11">
              <value>
                <![CDATA[57]]>
              </value>
            </param>
            <param index="12">
              <value>
                <![CDATA[66]]>
              </value>
            </param>
            <param index="13">
              <value>
                <![CDATA[50]]>
              </value>
            </param>
            <param index="14">
              <value>
                <![CDATA[50]]>
              </value>
            </param>
            <param index="15">
              <value>
                <![CDATA[57]]>
              </value>
            </param>
            <param index="16">
              <value>
                <![CDATA[500]]>
              </value>
            </param>
            <param index="17">
              <value>
                <![CDATA[-1.0]]>
              </value>
            </param>
          </params>
          <reporter-output>
          </reporter-output>
        </test-method> <!-- f2 -->
        <test-method status="PASS" signature="f2(java.lang.String, java.lang.String, java.lang.String, java.lang.String, int, int, int, int, int, int, int, int, int, int, int, int, int, double)[pri:0, instance:NewTest@381cad29]" name="f2" duration-ms="0" started-at="2019-04-17T10:58:08Z" data-provider="test2" finished-at="2019-04-17T10:58:08Z">
          <params>
            <param index="0">
              <value>
                <![CDATA[南航明珠金卡会员]]>
              </value>
            </param>
            <param index="1">
              <value>
                <![CDATA[明珠经济舱]]>
              </value>
            </param>
            <param index="2">
              <value>
                <![CDATA[内罗毕]]>
              </value>
            </param>
            <param index="3">
              <value>
                <![CDATA[中国]]>
              </value>
            </param>
            <param index="4">
              <value>
                <![CDATA[22]]>
              </value>
            </param>
            <param index="5">
              <value>
                <![CDATA[44]]>
              </value>
            </param>
            <param index="6">
              <value>
                <![CDATA[50]]>
              </value>
            </param>
            <param index="7">
              <value>
                <![CDATA[57]]>
              </value>
            </param>
            <param index="8">
              <value>
                <![CDATA[22]]>
              </value>
            </param>
            <param index="9">
              <value>
                <![CDATA[50]]>
              </value>
            </param>
            <param index="10">
              <value>
                <![CDATA[50]]>
              </value>
            </param>
            <param index="11">
              <value>
                <![CDATA[57]]>
              </value>
            </param>
            <param index="12">
              <value>
                <![CDATA[22]]>
              </value>
            </param>
            <param index="13">
              <value>
                <![CDATA[50]]>
              </value>
            </param>
            <param index="14">
              <value>
                <![CDATA[50]]>
              </value>
            </param>
            <param index="15">
              <value>
                <![CDATA[57]]>
              </value>
            </param>
            <param index="16">
              <value>
                <![CDATA[500]]>
              </value>
            </param>
            <param index="17">
              <value>
                <![CDATA[1000.0]]>
              </value>
            </param>
          </params>
          <reporter-output>
          </reporter-output>
        </test-method> <!-- f2 -->
        <test-method status="PASS" signature="f2(java.lang.String, java.lang.String, java.lang.String, java.lang.String, int, int, int, int, int, int, int, int, int, int, int, int, int, double)[pri:0, instance:NewTest@381cad29]" name="f2" duration-ms="0" started-at="2019-04-17T10:58:08Z" data-provider="test2" finished-at="2019-04-17T10:58:08Z">
          <params>
            <param index="0">
              <value>
                <![CDATA[南航明珠金卡会员]]>
              </value>
            </param>
            <param index="1">
              <value>
                <![CDATA[头等舱]]>
              </value>
            </param>
            <param index="2">
              <value>
                <![CDATA[内罗毕]]>
              </value>
            </param>
            <param index="3">
              <value>
                <![CDATA[中国]]>
              </value>
            </param>
            <param index="4">
              <value>
                <![CDATA[66]]>
              </value>
            </param>
            <param index="5">
              <value>
                <![CDATA[-2]]>
              </value>
            </param>
            <param index="6">
              <value>
                <![CDATA[50]]>
              </value>
            </param>
            <param index="7">
              <value>
                <![CDATA[57]]>
              </value>
            </param>
            <param index="8">
              <value>
                <![CDATA[66]]>
              </value>
            </param>
            <param index="9">
              <value>
                <![CDATA[50]]>
              </value>
            </param>
            <param index="10">
              <value>
                <![CDATA[50]]>
              </value>
            </param>
            <param index="11">
              <value>
                <![CDATA[57]]>
              </value>
            </param>
            <param index="12">
              <value>
                <![CDATA[66]]>
              </value>
            </param>
            <param index="13">
              <value>
                <![CDATA[50]]>
              </value>
            </param>
            <param index="14">
              <value>
                <![CDATA[50]]>
              </value>
            </param>
            <param index="15">
              <value>
                <![CDATA[57]]>
              </value>
            </param>
            <param index="16">
              <value>
                <![CDATA[500]]>
              </value>
            </param>
            <param index="17">
              <value>
                <![CDATA[-1.0]]>
              </value>
            </param>
          </params>
          <reporter-output>
          </reporter-output>
        </test-method> <!-- f2 -->
        <test-method status="PASS" signature="f2(java.lang.String, java.lang.String, java.lang.String, java.lang.String, int, int, int, int, int, int, int, int, int, int, int, int, int, double)[pri:0, instance:NewTest@381cad29]" name="f2" duration-ms="0" started-at="2019-04-17T10:58:08Z" data-provider="test2" finished-at="2019-04-17T10:58:08Z">
          <params>
            <param index="0">
              <value>
                <![CDATA[南航明珠金卡会员]]>
              </value>
            </param>
            <param index="1">
              <value>
                <![CDATA[头等舱]]>
              </value>
            </param>
            <param index="2">
              <value>
                <![CDATA[内罗毕]]>
              </value>
            </param>
            <param index="3">
              <value>
                <![CDATA[中国]]>
              </value>
            </param>
            <param index="4">
              <value>
                <![CDATA[66]]>
              </value>
            </param>
            <param index="5">
              <value>
                <![CDATA[-2]]>
              </value>
            </param>
            <param index="6">
              <value>
                <![CDATA[50]]>
              </value>
            </param>
            <param index="7">
              <value>
                <![CDATA[57]]>
              </value>
            </param>
            <param index="8">
              <value>
                <![CDATA[66]]>
              </value>
            </param>
            <param index="9">
              <value>
                <![CDATA[50]]>
              </value>
            </param>
            <param index="10">
              <value>
                <![CDATA[50]]>
              </value>
            </param>
            <param index="11">
              <value>
                <![CDATA[57]]>
              </value>
            </param>
            <param index="12">
              <value>
                <![CDATA[66]]>
              </value>
            </param>
            <param index="13">
              <value>
                <![CDATA[50]]>
              </value>
            </param>
            <param index="14">
              <value>
                <![CDATA[50]]>
              </value>
            </param>
            <param index="15">
              <value>
                <![CDATA[57]]>
              </value>
            </param>
            <param index="16">
              <value>
                <![CDATA[500]]>
              </value>
            </param>
            <param index="17">
              <value>
                <![CDATA[-1.0]]>
              </value>
            </param>
          </params>
          <reporter-output>
          </reporter-output>
        </test-method> <!-- f2 -->
        <test-method status="PASS" signature="f2(java.lang.String, java.lang.String, java.lang.String, java.lang.String, int, int, int, int, int, int, int, int, int, int, int, int, int, double)[pri:0, instance:NewTest@381cad29]" name="f2" duration-ms="0" started-at="2019-04-17T10:58:08Z" data-provider="test2" finished-at="2019-04-17T10:58:08Z">
          <params>
            <param index="0">
              <value>
                <![CDATA[成人]]>
              </value>
            </param>
            <param index="1">
              <value>
                <![CDATA[头等舱]]>
              </value>
            </param>
            <param index="2">
              <value>
                <![CDATA[中西亚]]>
              </value>
            </param>
            <param index="3">
              <value>
                <![CDATA[中国]]>
              </value>
            </param>
            <param index="4">
              <value>
                <![CDATA[46]]>
              </value>
            </param>
            <param index="5">
              <value>
                <![CDATA[50]]>
              </value>
            </param>
            <param index="6">
              <value>
                <![CDATA[50]]>
              </value>
            </param>
            <param index="7">
              <value>
                <![CDATA[57]]>
              </value>
            </param>
            <param index="8">
              <value>
                <![CDATA[46]]>
              </value>
            </param>
            <param index="9">
              <value>
                <![CDATA[50]]>
              </value>
            </param>
            <param index="10">
              <value>
                <![CDATA[50]]>
              </value>
            </param>
            <param index="11">
              <value>
                <![CDATA[57]]>
              </value>
            </param>
            <param index="12">
              <value>
                <![CDATA[46]]>
              </value>
            </param>
            <param index="13">
              <value>
                <![CDATA[50]]>
              </value>
            </param>
            <param index="14">
              <value>
                <![CDATA[50]]>
              </value>
            </param>
            <param index="15">
              <value>
                <![CDATA[57]]>
              </value>
            </param>
            <param index="16">
              <value>
                <![CDATA[500]]>
              </value>
            </param>
            <param index="17">
              <value>
                <![CDATA[-1.0]]>
              </value>
            </param>
          </params>
          <reporter-output>
          </reporter-output>
        </test-method> <!-- f2 -->
        <test-method status="PASS" signature="f2(java.lang.String, java.lang.String, java.lang.String, java.lang.String, int, int, int, int, int, int, int, int, int, int, int, int, int, double)[pri:0, instance:NewTest@381cad29]" name="f2" duration-ms="0" started-at="2019-04-17T10:58:08Z" data-provider="test2" finished-at="2019-04-17T10:58:08Z">
          <params>
            <param index="0">
              <value>
                <![CDATA[成人]]>
              </value>
            </param>
            <param index="1">
              <value>
                <![CDATA[头等舱]]>
              </value>
            </param>
            <param index="2">
              <value>
                <![CDATA[中西亚]]>
              </value>
            </param>
            <param index="3">
              <value>
                <![CDATA[中国]]>
              </value>
            </param>
            <param index="4">
              <value>
                <![CDATA[46]]>
              </value>
            </param>
            <param index="5">
              <value>
                <![CDATA[50]]>
              </value>
            </param>
            <param index="6">
              <value>
                <![CDATA[50]]>
              </value>
            </param>
            <param index="7">
              <value>
                <![CDATA[57]]>
              </value>
            </param>
            <param index="8">
              <value>
                <![CDATA[46]]>
              </value>
            </param>
            <param index="9">
              <value>
                <![CDATA[50]]>
              </value>
            </param>
            <param index="10">
              <value>
                <![CDATA[50]]>
              </value>
            </param>
            <param index="11">
              <value>
                <![CDATA[57]]>
              </value>
            </param>
            <param index="12">
              <value>
                <![CDATA[46]]>
              </value>
            </param>
            <param index="13">
              <value>
                <![CDATA[50]]>
              </value>
            </param>
            <param index="14">
              <value>
                <![CDATA[50]]>
              </value>
            </param>
            <param index="15">
              <value>
                <![CDATA[57]]>
              </value>
            </param>
            <param index="16">
              <value>
                <![CDATA[500]]>
              </value>
            </param>
            <param index="17">
              <value>
                <![CDATA[-1.0]]>
              </value>
            </param>
          </params>
          <reporter-output>
          </reporter-output>
        </test-method> <!-- f2 -->
        <test-method status="PASS" signature="f2(java.lang.String, java.lang.String, java.lang.String, java.lang.String, int, int, int, int, int, int, int, int, int, int, int, int, int, double)[pri:0, instance:NewTest@381cad29]" name="f2" duration-ms="0" started-at="2019-04-17T10:58:08Z" data-provider="test2" finished-at="2019-04-17T10:58:08Z">
          <params>
            <param index="0">
              <value>
[...]
              <value>
                <![CDATA[成人]]>
              </value>
            </param>
            <param index="1">
              <value>
                <![CDATA[明珠经济舱]]>
              </value>
            </param>
            <param index="2">
              <value>
                <![CDATA[中西亚]]>
              </value>
            </param>
            <param index="3">
              <value>
                <![CDATA[中国]]>
              </value>
            </param>
            <param index="4">
              <value>
                <![CDATA[-1]]>
              </value>
            </param>
            <param index="5">
              <value>
                <![CDATA[50]]>
              </value>
            </param>
            <param index="6">
              <value>
                <![CDATA[50]]>
              </value>
            </param>
            <param index="7">
              <value>
                <![CDATA[57]]>
              </value>
            </param>
            <param index="8">
              <value>
                <![CDATA[33]]>
              </value>
            </param>
            <param index="9">
              <value>
                <![CDATA[50]]>
              </value>
            </param>
            <param index="10">
              <value>
                <![CDATA[50]]>
              </value>
            </param>
            <param index="11">
              <value>
                <![CDATA[57]]>
              </value>
            </param>
            <param index="12">
              <value>
                <![CDATA[500]]>
              </value>
            </param>
            <param index="13">
              <value>
                <![CDATA[-1.0]]>
              </value>
            </param>
          </params>
          <reporter-output>
          </reporter-output>
        </test-method> <!-- f3 -->
        <test-method status="PASS" signature="f3(java.lang.String, java.lang.String, java.lang.String, java.lang.String, int, int, int, int, int, int, int, int, int, double)[pri:0, instance:NewTest@381cad29]" name="f3" duration-ms="1" started-at="2019-04-17T10:58:08Z" data-provider="test3" finished-at="2019-04-17T10:58:08Z">
          <params>
            <param index="0">
              <value>
                <![CDATA[南航明珠金卡会员]]>
              </value>
            </param>
            <param index="1">
              <value>
                <![CDATA[明珠经济舱]]>
              </value>
            </param>
            <param index="2">
              <value>
                <![CDATA[韩国]]>
              </value>
            </param>
            <param index="3">
              <value>
                <![CDATA[中国]]>
              </value>
            </param>
            <param index="4">
              <value>
                <![CDATA[22]]>
              </value>
            </param>
            <param index="5">
              <value>
                <![CDATA[44]]>
              </value>
            </param>
            <param index="6">
              <value>
                <![CDATA[50]]>
              </value>
            </param>
            <param index="7">
              <value>
                <![CDATA[57]]>
              </value>
            </param>
            <param index="8">
              <value>
                <![CDATA[22]]>
              </value>
            </param>
            <param index="9">
              <value>
                <![CDATA[50]]>
              </value>
            </param>
            <param index="10">
              <value>
                <![CDATA[50]]>
              </value>
            </param>
            <param index="11">
              <value>
                <![CDATA[57]]>
              </value>
            </param>
            <param index="12">
              <value>
                <![CDATA[500]]>
              </value>
            </param>
            <param index="13">
              <value>
                <![CDATA[450.0]]>
              </value>
            </param>
          </params>
          <reporter-output>
          </reporter-output>
        </test-method> <!-- f3 -->
        <test-method status="PASS" signature="f3(java.lang.String, java.lang.String, java.lang.String, java.lang.String, int, int, int, int, int, int, int, int, int, double)[pri:0, instance:NewTest@381cad29]" name="f3" duration-ms="0" started-at="2019-04-17T10:58:08Z" data-provider="test3" finished-at="2019-04-17T10:58:08Z">
          <params>
            <param index="0">
              <value>
                <![CDATA[南航明珠金卡会员]]>
              </value>
            </param>
            <param index="1">
              <value>
                <![CDATA[明珠经济舱]]>
              </value>
            </param>
            <param index="2">
              <value>
                <![CDATA[内罗毕]]>
              </value>
            </param>
            <param index="3">
              <value>
                <![CDATA[中国]]>
              </value>
            </param>
            <param index="4">
              <value>
                <![CDATA[53]]>
              </value>
            </param>
            <param index="5">
              <value>
                <![CDATA[-2]]>
              </value>
            </param>
            <param index="6">
              <value>
                <![CDATA[50]]>
              </value>
            </param>
            <param index="7">
              <value>
                <![CDATA[57]]>
              </value>
            </param>
            <param index="8">
              <value>
                <![CDATA[53]]>
              </value>
            </param>
            <param index="9">
              <value>
                <![CDATA[50]]>
              </value>
            </param>
            <param index="10">
              <value>
                <![CDATA[50]]>
              </value>
            </param>
            <param index="11">
              <value>
                <![CDATA[57]]>
              </value>
            </param>
            <param index="12">
              <value>
                <![CDATA[500]]>
              </value>
            </param>
            <param index="13">
              <value>
                <![CDATA[-1.0]]>
              </value>
            </param>
          </params>
          <reporter-output>
          </reporter-output>
        </test-method> <!-- f3 -->
        <test-method status="PASS" signature="f3(java.lang.String, java.lang.String, java.lang.String, java.lang.String, int, int, int, int, int, int, int, int, int, double)[pri:0, instance:NewTest@381cad29]" name="f3" duration-ms="0" started-at="2019-04-17T10:58:08Z" data-provider="test3" finished-at="2019-04-17T10:58:08Z">
          <params>
            <param index="0">
              <value>
                <![CDATA[南航明珠金卡会员]]>
              </value>
            </param>
            <param index="1">
              <value>
                <![CDATA[明珠经济舱]]>
              </value>
            </param>
            <param index="2">
              <value>
                <![CDATA[内罗毕]]>
              </value>
            </param>
            <param index="3">
              <value>
                <![CDATA[中国]]>
              </value>
            </param>
            <param index="4">
              <value>
                <![CDATA[53]]>
              </value>
            </param>
            <param index="5">
              <value>
                <![CDATA[-2]]>
              </value>
            </param>
            <param index="6">
              <value>
                <![CDATA[50]]>
              </value>
            </param>
            <param index="7">
              <value>
                <![CDATA[57]]>
              </value>
            </param>
            <param index="8">
              <value>
                <![CDATA[53]]>
              </value>
            </param>
            <param index="9">
              <value>
                <![CDATA[50]]>
              </value>
            </param>
            <param index="10">
              <value>
                <![CDATA[50]]>
              </value>
            </param>
            <param index="11">
              <value>
                <![CDATA[57]]>
              </value>
            </param>
            <param index="12">
              <value>
                <![CDATA[500]]>
              </value>
            </param>
            <param index="13">
              <value>
                <![CDATA[-1.0]]>
              </value>
            </param>
          </params>
          <reporter-output>
          </reporter-output>
        </test-method> <!-- f3 -->
        <test-method status="PASS" signature="f3(java.lang.String, java.lang.String, java.lang.String, java.lang.String, int, int, int, int, int, int, int, int, int, double)[pri:0, instance:NewTest@381cad29]" name="f3" duration-ms="0" started-at="2019-04-17T10:58:08Z" data-provider="test3" finished-at="2019-04-17T10:58:08Z">
          <params>
            <param index="0">
              <value>
                <![CDATA[南航明珠银卡会员]]>
              </value>
            </param>
            <param index="1">
              <value>
                <![CDATA[明珠经济舱]]>
              </value>
            </param>
            <param index="2">
              <value>
                <![CDATA[美洲]]>
              </value>
            </param>
            <param index="3">
              <value>
                <![CDATA[中国]]>
              </value>
            </param>
            <param index="4">
              <value>
                <![CDATA[32]]>
              </value>
            </param>
            <param index="5">
              <value>
                <![CDATA[50]]>
              </value>
            </param>
            <param index="6">
              <value>
                <![CDATA[50]]>
              </value>
            </param>
            <param index="7">
              <value>
                <![CDATA[57]]>
              </value>
            </param>
            <param index="8">
              <value>
                <![CDATA[32]]>
              </value>
            </param>
            <param index="9">
              <value>
                <![CDATA[50]]>
              </value>
            </param>
            <param index="10">
              <value>
                <![CDATA[50]]>
              </value>
            </param>
            <param index="11">
              <value>
                <![CDATA[57]]>
              </value>
            </param>
            <param index="12">
              <value>
                <![CDATA[500]]>
              </value>
            </param>
            <param index="13">
              <value>
                <![CDATA[0.0]]>
              </value>
            </param>
          </params>
          <reporter-output>
          </reporter-output>
        </test-method> <!-- f3 -->
        <test-method status="PASS" signature="f3(java.lang.String, java.lang.String, java.lang.String, java.lang.String, int, int, int, int, int, int, int, int, int, double)[pri:0, instance:NewTest@381cad29]" name="f3" duration-ms="0" started-at="2019-04-17T10:58:08Z" data-provider="test3" finished-at="2019-04-17T10:58:08Z">
          <params>
            <param index="0">
              <value>
                <![CDATA[南航明珠金卡会员]]>
              </value>
            </param>
            <param index="1">
              <value>
                <![CDATA[明珠经济舱]]>
              </value>
            </param>
            <param index="2">
              <value>
                <![CDATA[韩国]]>
              </value>
            </param>
            <param index="3">
              <value>
                <![CDATA[中国]]>
              </value>
            </param>
            <param index="4">
              <value>
                <![CDATA[22]]>
              </value>
            </param>
            <param index="5">
              <value>
                <![CDATA[44]]>
              </value>
            </param>
            <param index="6">
              <value>
                <![CDATA[50]]>
              </value>
            </param>
            <param index="7">
              <value>
                <![CDATA[57]]>
              </value>
            </param>
            <param index="8">
              <value>
                <![CDATA[22]]>
              </value>
            </param>
            <param index="9">
              <value>
                <![CDATA[50]]>
              </value>
            </param>
            <param index="10">
              <value>
                <![CDATA[50]]>
              </value>
            </param>
            <param index="11">
              <value>
                <![CDATA[57]]>
              </value>
            </param>
            <param index="12">
              <value>
                <![CDATA[500]]>
              </value>
            </param>
            <param index="13">
              <value>
                <![CDATA[450.0]]>
              </value>
            </param>
          </params>
          <reporter-output>
          </reporter-output>
        </test-method> <!-- f3 -->
        <test-method status="PASS" signature="f3(java.lang.String, java.lang.String, java.lang.String, java.lang.String, int, int, int, int, int, int, int, int, int, double)[pri:0, instance:NewTest@381cad29]" name="f3" duration-ms="0" started-at="2019-04-17T10:58:08Z" data-provider="test3" finished-at="2019-04-17T10:58:08Z">
          <params>
            <param index="0">
              <value>
                <![CDATA[成人]]>
              </value>
            </param>
            <param index="1">
              <value>
                <![CDATA[明珠经济舱]]>
              </value>
            </param>
            <param index="2">
              <value>
                <![CDATA[中西亚]]>
              </value>
            </param>
            <param index="3">
              <value>
                <![CDATA[中国]]>
              </value>
            </param>
            <param index="4">
              <value>
                <![CDATA[-1]]>
              </value>
            </param>
            <param index="5">
              <value>
                <![CDATA[50]]>
              </value>
            </param>
            <param index="6">
              <value>
                <![CDATA[50]]>
              </value>
            </param>
            <param index="7">
              <value>
                <![CDATA[57]]>
              </value>
            </param>
            <param index="8">
              <value>
                <![CDATA[33]]>
              </value>
            </param>
            <param index="9">
              <value>
                <![CDATA[50]]>
              </value>
            </param>
            <param index="10">
              <value>
                <![CDATA[50]]>
              </value>
            </param>
            <param index="11">
              <value>
                <![CDATA[57]]>
              </value>
            </param>
            <param index="12">
              <value>
                <![CDATA[500]]>
              </value>
            </param>
            <param index="13">
              <value>
                <![CDATA[-1.0]]>
              </value>
            </param>
          </params>
          <reporter-output>
          </reporter-output>
        </test-method> <!-- f3 -->
        <test-method status="PASS" signature="f3(java.lang.String, java.lang.String, java.lang.String, java.lang.String, int, int, int, int, int, int, int, int, int, double)[pri:0, instance:NewTest@381cad29]" name="f3" duration-ms="0" started-at="2019-04-17T10:58:08Z" data-provider="test3" finished-at="2019-04-17T10:58:08Z">
          <params>
            <param index="0">
              <value>
                <![CDATA[南航明珠银卡会员]]>
              </value>
            </param>
            <param index="1">
              <value>
                <![CDATA[明珠经济舱]]>
              </value>
            </param>
            <param index="2">
              <value>
                <![CDATA[美洲]]>
              </value>
            </param>
            <param index="3">
              <value>
                <![CDATA[中国]]>
              </value>
            </param>
            <param index="4">
              <value>
                <![CDATA[32]]>
              </value>
            </param>
            <param index="5">
              <value>
                <![CDATA[50]]>
              </value>
            </param>
            <param index="6">
              <value>
                <![CDATA[50]]>
              </value>
            </param>
            <param index="7">
              <value>
                <![CDATA[57]]>
              </value>
            </param>
            <param index="8">
              <value>
                <![CDATA[32]]>
              </value>
            </param>
            <param index="9">
              <value>
                <![CDATA[50]]>
              </value>
            </param>
            <param index="10">
              <value>
                <![CDATA[50]]>
              </value>
            </param>
            <param index="11">
              <value>
                <![CDATA[57]]>
              </value>
            </param>
            <param index="12">
              <value>
                <![CDATA[500]]>
              </value>
            </param>
            <param index="13">
              <value>
                <![CDATA[0.0]]>
              </value>
            </param>
          </params>
          <reporter-output>
          </reporter-output>
        </test-method> <!-- f3 -->
        <test-method status="PASS" signature="f3(java.lang.String, java.lang.String, java.lang.String, java.lang.String, int, int, int, int, int, int, int, int, int, double)[pri:0, instance:NewTest@381cad29]" name="f3" duration-ms="0" started-at="2019-04-17T10:58:08Z" data-provider="test3" finished-at="2019-04-17T10:58:08Z">
          <params>
            <param index="0">
              <value>
                <![CDATA[南航明珠金卡会员]]>
              </value>
            </param>
            <param index="1">
              <value>
                <![CDATA[明珠经济舱]]>
              </value>
            </param>
            <param index="2">
              <value>
                <![CDATA[内罗毕]]>
              </value>
            </param>
            <param index="3">
              <value>
                <![CDATA[中国]]>
              </value>
            </param>
            <param index="4">
              <value>
                <![CDATA[53]]>
              </value>
            </param>
            <param index="5">
              <value>
                <![CDATA[-2]]>
              </value>
            </param>
            <param index="6">
              <value>
                <![CDATA[50]]>
              </value>
            </param>
            <param index="7">
              <value>
                <![CDATA[57]]>
              </value>
            </param>
            <param index="8">
              <value>
                <![CDATA[53]]>
              </value>
            </param>
            <param index="9">
              <value>
                <![CDATA[50]]>
              </value>
            </param>
            <param index="10">
              <value>
                <![CDATA[50]]>
              </value>
            </param>
            <param index="11">
              <value>
                <![CDATA[57]]>
              </value>
            </param>
            <param index="12">
              <value>
                <![CDATA[500]]>
              </value>
            </param>
            <param index="13">
              <value>
                <![CDATA[-1.0]]>
              </value>
            </param>
          </params>
          <reporter-output>
          </reporter-output>
        </test-method> <!-- f3 -->
      </class> <!-- NewTest -->
    </test> <!-- Test -->
  </suite> <!-- Suite -->
</testng-results>
