<?xml version="1.0" encoding="UTF-8" ?>
<testsuite tests="62" failures="0" name="TestSuite" time="0.736" errors="0" skipped="0">
  <properties>
[...]
</properties>
  <testcase name="f" time="0.015"/>
  <testcase name="f" time="0"/>
  <testcase name="f" time="0"/>
  <testcase name="f" time="0"/>
  <testcase name="f" time="0"/>
  <testcase name="f" time="0"/>
  <testcase name="f" time="0"/>
  <testcase name="f" time="0"/>
  <testcase name="f" time="0"/>
  <testcase name="f" time="0"/>
  <testcase name="f" time="0"/>
  <testcase name="f" time="0"/>
  <testcase name="f" time="0"/>
  <testcase name="f" time="0"/>
  <testcase name="f" time="0"/>
  <testcase name="f" time="0"/>
  <testcase name="f" time="0"/>
  <testcase name="f" time="0"/>
  <testcase name="f" time="0"/>
  <testcase name="f" time="0"/>
  <testcase name="f" time="0"/>
  <testcase name="f" time="0"/>
  <testcase name="f" time="0"/>
  <testcase name="f" time="0"/>
  <testcase name="f" time="0"/>
  <testcase name="f" time="0"/>
  <testcase name="f" time="0"/>
  <testcase name="f" time="0"/>
  <testcase name="f" time="0"/>
  <testcase name="f" time="0"/>
  <testcase name="f2" time="0"/>
  <testcase name="f2" time="0"/>
  <testcase name="f2" time="0"/>
  <testcase name="f2" time="0"/>
  <testcase name="f2" time="0"/>
  <testcase name="f2" time="0"/>
  <testcase name="f2" time="0"/>
  <testcase name="f2" time="0"/>
  <testcase name="f2" time="0"/>
  <testcase name="f2" time="0"/>
  <testcase name="f2" time="0.001"/>
  <testcase name="f2" time="0"/>
  <testcase name="f2" time="0"/>
  <testcase name="f2" time="0"/>
  <testcase name="f2" time="0"/>
  <testcase name="f3" time="0"/>
  <testcase name="f3" time="0"/>
  <testcase name="f3" time="0"/>
  <testcase name="f3" time="0"/>
  <testcase name="f3" time="0"/>
  <testcase name="f3" time="0"/>
  <testcase name="f3" time="0"/>
  <testcase name="f3" time="0"/>
  <testcase name="f3" time="0"/>
  <testcase name="f3" time="0"/>
  <testcase name="f3" time="0"/>
  <testcase name="f3" time="0"/>
  <testcase name="f3" time="0"/>
  <testcase name="f3" time="0"/>
  <testcase name="f3" time="0"/>
  <testcase name="f3" time="0.001"/>
  <testcase name="f3" time="0"/>
</testsuite>